<?xml version='1.0' encoding='UTF-8'?>
<testsuite hostname="dfurman" name="LinkTrackerSpec" tests="4" errors="0" failures="0" skipped="0" time="0.021" timestamp="2020-12-18T18:44:54">
                     <properties>
      <property name="awt.toolkit" value="sun.awt.X11.XToolkit"/><property name="java.specification.version" value="11"/><property name="sun.cpu.isalist" value=""/><property name="sun.jnu.encoding" value="UTF-8"/><property name="sun.arch.data.model" value="64"/><property name="java.vendor.url" value="https://openjdk.java.net/"/><property name="sun.boot.library.path" value="/home/dfurman/sdk/jdk-11.0.9/lib"/><property name="sun.java.command" value="/home/dfurman/sdk/sbt/bin/sbt-launch.jar test"/><property name="jdk.debug" value="release"/><property name="java.specification.vendor" value="Oracle Corporation"/><property name="java.version.date" value="2020-10-20"/><property name="java.home" value="/home/dfurman/sdk/jdk-11.0.9"/><property name="file.separator" value="/"/><property name="java.vm.compressedOopsMode" value="32-bit"/><property name="line.separator" value="
"/><property name="java.specification.name" value="Java Platform API Specification"/><property name="java.vm.specification.vendor" value="Oracle Corporation"/><property name="sun.management.compiler" value="HotSpot 64-Bit Tiered Compilers"/><property name="java.runtime.version" value="11.0.9+7-LTS"/><property name="user.name" value="dfurman"/><property name="log4j.ignoreTCL" value="true"/><property name="file.encoding" value="UTF-8"/><property name="java.vendor.version" value="18.9"/><property name="java.io.tmpdir" value="/tmp"/><property name="java.version" value="11.0.9"/><property name="java.vm.specification.name" value="Java Virtual Machine Specification"/><property name="java.awt.printerjob" value="sun.print.PSPrinterJob"/><property name="sun.os.patch.level" value="unknown"/><property name="java.library.path" value="/usr/java/packages/lib:/usr/lib64:/lib64:/lib:/usr/lib"/><property name="java.vendor" value="Oracle Corporation"/><property name="scala.ext.dirs" value="/home/dfurman/.sbt/0.13/java9-rt-ext-oracle_corporation_11_0_9"/><property name="sun.io.unicode.encoding" value="UnicodeLittle"/><property name="java.class.path" value="/home/dfurman/sdk/sbt/bin/sbt-launch.jar"/><property name="java.vm.vendor" value="Oracle Corporation"/><property name="jline.shutdownhook" value="false"/><property name="user.timezone" value="Europe/London"/><property name="os.name" value="Linux"/><property name="java.vm.specification.version" value="11"/><property name="sun.java.launcher" value="SUN_STANDARD"/><property name="user.country" value="GB"/><property name="sun.cpu.endian" value="little"/><property name="user.home" value="/home/dfurman"/><property name="user.language" value="en"/><property name="swoval.tmpdir" value="/home/dfurman/.sbt/1.0"/><property name="java.awt.graphicsenv" value="sun.awt.X11GraphicsEnvironment"/><property name="jline.esc.timeout" value="0"/><property name="path.separator" value=":"/><property name="os.version" value="4.19.0-8-amd64"/><property name="jna.nosys" value="true"/><property name="java.runtime.name" value="Java(TM) SE Runtime Environment"/><property name="java.vm.name" value="Java HotSpot(TM) 64-Bit Server VM"/><property name="java.vendor.url.bug" value="https://bugreport.java.com/bugreport/"/><property name="user.dir" value="/home/dfurman/Downloads/scala_coding_challenge/orangetracker"/><property name="os.arch" value="amd64"/><property name="java.vm.info" value="mixed mode"/><property name="java.vm.version" value="11.0.9+7-LTS"/><property name="java.class.version" value="55.0"/>
    </properties>
                     <testcase classname="LinkTrackerSpec" name="should count the total unique img/a paths in a document" time="0.017">
                                                 
                                               </testcase><testcase classname="LinkTrackerSpec" name="should provide a set of encoded paths for a document as a map of encoding id to path" time="0.001">
                                                 
                                               </testcase><testcase classname="LinkTrackerSpec" name="should provide a string version of the document with all img/a paths encoded" time="0.002">
                                                 
                                               </testcase><testcase classname="LinkTrackerSpec" name="should a transformation without rule should return the same XML structure" time="0.001">
                                                 
                                               </testcase>
                     <system-out><![CDATA[]]></system-out>
                     <system-err><![CDATA[]]></system-err>
                   </testsuite>